<?xml version="1.0" encoding="UTF-8"?>
<!-- Generated by org.testng.reporters.JUnitReportReporter -->
<testsuite hostname="LAPTOP-M5OIHFCV" failures="0" tests="1" name="org.testing.testCases.TC2_GetAllRequest" time="0.166" errors="0" timestamp="2022-12-18T13:31:24 IST" skipped="0">
  <testcase classname="org.testing.testCases.TC2_GetAllRequest" name="testcase2" time="0.166"/>
  <system-out/>
</testsuite> <!-- org.testing.testCases.TC2_GetAllRequest -->
