<?xml version="1.0" encoding="UTF-8"?>
<!-- Generated by org.testng.reporters.JUnitReportReporter -->
<testsuite hostname="LAPTOP-M5OIHFCV" failures="0" tests="1" name="org.testing.testCases.TC4_PutRequest" time="0.039" errors="0" timestamp="2022-12-18T13:31:24 IST" skipped="0">
  <testcase classname="org.testing.testCases.TC4_PutRequest" name="testcase4" time="0.039"/>
  <system-out/>
</testsuite> <!-- org.testing.testCases.TC4_PutRequest -->
